# kmscube
[  184.080936] [drm:drm_stub_open]
[  184.084414] [drm:drm_open] comm="kmscube", pid=269, minor=0
[  184.090065] [drm:drm_ioctl] comm="kmscube" pid=269, dev=0xe200, auth=1, DRM_IOCTL_MODE_GETRESOURCES
[  184.099303] [drm:drm_ioctl] comm="kmscube" pid=269, dev=0xe200, auth=1, DRM_IOCTL_MODE_GETRESOURCES
[  184.108474] [drm:drm_ioctl] comm="kmscube" pid=269, dev=0xe200, auth=1, DRM_IOCTL_MODE_GETCONNECTOR
[  184.117573] [drm:drm_helper_probe_single_connector_modes] [CONNECTOR:49:Unknown-1]
[  184.125223] [drm:sun4i_rgb_mode_valid] Validating modes...
[  184.130720] [drm:sun4i_rgb_mode_valid] Horizontal parameters OK
[  184.136663] [drm:sun4i_rgb_mode_valid] Vertical parameters OK
[  184.142411] [drm:sun4i_rgb_mode_valid] RGB panel used, skipping clock rate checks
[  184.142424] [drm:sun4i_rgb_mode_valid] Clock rate OK
[  184.154992] [drm:drm_helper_probe_single_connector_modes] [CONNECTOR:49:Unknown-1] probed modes :
[  184.163874] [drm:drm_mode_debug_printmodeline] Modeline "480x800": 30 14616 480 512 523 525 800 854 895 928 0x48 0x0
[  184.174479] [drm:drm_mode_object_put.part.0] OBJ ID: 49 (4)
[  184.180093] [drm:drm_ioctl] comm="kmscube" pid=269, dev=0xe200, auth=1, DRM_IOCTL_MODE_GETCONNECTOR
[  184.189186] [drm:drm_mode_object_put.part.0] OBJ ID: 49 (4)
[  184.194837] [drm:drm_ioctl] comm="kmscube" pid=269, dev=0xe200, auth=1, DRM_IOCTL_MODE_GETENCODER
[  184.203786] [drm:drm_ioctl] comm="kmscube" pid=269, dev=0xe200, auth=1, DRM_IOCTL_VERSION
[  184.212009] [drm:drm_ioctl] comm="kmscube" pid=269, dev=0xe200, auth=1, DRM_IOCTL_VERSION
[  184.220733] [drm:drm_ioctl] comm="kmscube" pid=269, dev=0xe200, auth=1, DRM_IOCTL_VERSION
[  184.228970] [drm:drm_ioctl] comm="kmscube" pid=269, dev=0xe200, auth=1, DRM_IOCTL_VERSION
[  184.250904] [drm:drm_ioctl] comm="kmscube" pid=269, dev=0xe200, auth=1, DRM_IOCTL_VERSION
[  184.259264] [drm:drm_ioctl] comm="kmscube" pid=269, dev=0xe200, auth=1, DRM_IOCTL_VERSION
[  184.617277] [drm:drm_ioctl] comm="kmscube" pid=269, dev=0xe200, auth=1, DRM_IOCTL_VERSION
[  184.625581] [drm:drm_ioctl] comm="kmscube" pid=269, dev=0xe200, auth=1, DRM_IOCTL_VERSION
[  184.641488] [drm:drm_ioctl] comm="kmscube" pid=269, dev=0xe200, auth=1, DRM_IOCTL_VERSION
[  184.649731] [drm:drm_ioctl] comm="kmscube" pid=269, dev=0xe200, auth=1, DRM_IOCTL_VERSION
MESA-LOADER: failed to open zink: /usr/lib/dri/zink_dri.so: cannot open shared object file: No such file or directory (search paths /usr/lib/dri, suffix _dri)
failed to load driver: zink
[  184.815649] [drm:drm_ioctl] comm="kmscube" pid=269, dev=0xe200, auth=1, DRM_IOCTL_GET_CAP
Using display 0x5dd1f8 with EGL version 1.4
===================================
EGL information:
  version: "1.4"
  vendor: "Mesa Project"
  client extensions: "EGL_EXT_client_extensions EGL_EXT_device_base EGL_EXT_device_enumeration EGL_EXT_device_query EGL_EXT_platform_base EGL_KHR_client_get_all_proc_addresses EGL_KHR_debug EGL_EXT_platform_device EGL_MESA_platform_gbm EGL_KHR_platform_gbm EGL_MESA_platform_surfaceless"
  display extensions: "EGL_ANDROID_blob_cache EGL_EXT_buffer_age EGL_EXT_image_dma_buf_import EGL_EXT_image_dma_buf_import_modifiers EGL_KHR_cl_event2 EGL_KHR_config_attribs EGL_KHR_create_context EGL_KHR_create_context_no_error EGL_KHR_fence_sync EGL_KHR_get_all_proc_addresses EGL_KHR_gl_colorspace EGL_KHR_gl_renderbuffer_image EGL_KHR_gl_texture_2D_image EGL_KHR_gl_texture_3D_image EGL_KHR_gl_texture_cubemap_image EGL_KHR_image EGL_KHR_image_base EGL_KHR_image_pixmap EGL_KHR_no_config_context EGL_KHR_reusable_sync EGL_KHR_surfaceless_context EGL_EXT_pixel_format_float EGL_KHR_wait_sync EGL_MESA_configless_context EGL_MESA_image_dma_buf_export EGL_MESA_query_driver "
===================================
[  185.340558] [drm:drm_ioctl] comm="kmscube" pid=269, dev=0xe200, auth=1, DRM_IOCTL_MODE_CREATE_DUMB
OpenGL ES 2.x information:
  version: "OpenGL ES 3.1 Mesa 22.1.6"
  shading language version: "OpenGL ES GLSL ES 3.10"
  vendor: "Mesa/X.org"
  renderer: "softpipe"
  extensions: "GL_EXT_blend_minmax GL_EXT_multi_draw_arrays GL_EXT_texture_filter_anisotropic GL_EXT_texture_compression_s3tc GL_EXT_texture_compression_dxt1 GL_EXT_texture_compression_rgtc GL_EXT_texture_format_BGRA8888 GL_OES_compressed_ETC1_RGB8_texture GL_OES_depth24 GL_OES_element_index_uint GL_OES_fbo_render_mipmap GL_OES_mapbuffer GL_OES_rgb8_rgba8 GL_OES_standard_derivatives GL_OES_stencil8 GL_OES_texture_3D GL_OES_texture_float GL_OES_texture_float_linear GL_OES_texture_half_float GL_OES_texture_half_float_linear GL_OES_texture_npot GL_OES_vertex_half_float GL_EXT_draw_instanced GL_EXT_texture_sRGB_decode GL_OES_EGL_image GL_OES_depth_texture GL_OES_packed_depth_stencil GL_EXT_texture_type_2_10_10_10_REV GL_NV_conditional_render GL_OES_get_program_binary GL_APPLE_texture_max_level GL_EXT_discard_framebuffer GL_EXT_read_format_bgra GL_NV_pack_subimage GL_EXT_frag_depth GL_NV_fbo_color_attachments GL_OES_EGL_image_external GL_OES_EGL_sync GL_OES_vertex_array_object GL_OES_viewport_array GL_ANGLE_pack_reverse_row_order GL_ANGLE_texture_compression_dxt3 GL_ANGLE_texture_compression_dxt5 GL_EXT_occlusion_query_boolean GL_EXT_texture_rg GL_EXT_unpack_subimage GL_NV_draw_buffers GL_NV_read_buffer GL_NV_read_depth GL_NV_read_depth_stencil GL_NV_read_stencil GL_EXT_draw_buffers GL_EXT_map_buffer_range GL_KHR_debug GL_KHR_texture_compression_astc_ldr GL_NV_pixel_buffer_object GL_OES_depth_texture_cube_map GL_OES_required_internalformat GL_OES_surfaceless_context GL_EXT_color_buffer_float GL_EXT_sRGB_write_control GL_EXT_separate_shader_objects GL_EXT_shader_implicit_conversions GL_EXT_shader_integer_mix GL_EXT_base_instance GL_EXT_compressed_ETC1_RGB8_sub_texture GL_EXT_copy_image GL_EXT_draw_buffers_indexed GL_EXT_draw_elements_base_vertex GL_EXT_gpu_shader5 GL_EXT_primitive_bounding_box GL_EXT_render_snorm GL_EXT_shader_io_blocks GL_EXT_texture_border_clamp GL_EXT_texture_buffer GL_EXT_texture_cube_map_array GL_EXT_texture_norm16 GL_EXT_texture_view GL_KHR_context_flush_control GL_NV_image_formats GL_OES_copy_image GL_OES_draw_buffers_indexed GL_OES_draw_elements_base_vertex GL_OES_gpu_shader5 GL_OES_primitive_bounding_box GL_OES_shader_io_blocks GL_OES_texture_border_clamp GL_OES_texture_buffer GL_OES_texture_cube_map_array GL_OES_texture_stencil8 GL_OES_texture_storage_multisample_2d_array GL_OES_texture_view GL_EXT_blend_func_extended GL_EXT_float_blend GL_EXT_geometry_point_size GL_EXT_geometry_shader GL_EXT_texture_sRGB_R8 GL_EXT_texture_sRGB_RG8 GL_KHR_no_error GL_KHR_texture_compression_astc_sliced_3d GL_OES_EGL_image_external_essl3 GL_OES_geometry_point_size GL_OES_geometry_shader GL_OES_shader_image_atomic GL_EXT_clear_texture GL_EXT_clip_cull_distance GL_EXT_disjoint_timer_query GL_EXT_texture_compression_s3tc_srgb GL_MESA_shader_integer_functions GL_EXT_clip_control GL_EXT_color_buffer_half_float GL_EXT_texture_compression_bptc GL_EXT_texture_mirror_clamp_to_edge GL_KHR_parallel_shader_compile GL_EXT_EGL_image_storage GL_MESA_framebuffer_flip_y GL_EXT_depth_clamp GL_EXT_texture_query_lod GL_MESA_bgra "
===================================
[  185.750399] [drm:drm_ioctl] comm="kmscube" pid=269, dev=0xe200, auth=1, DRM_IOCTL_MODE_MAP_DUMB
Using modifier ffffffffffffff[  185.794732] [drm:drm_ioctl] comm="kmscube" pid=269, dev=0xe200, auth=1, DRM_IOCTL_MODE_ADDFB2

[  185.805799] [drm:drm_mode_addfb2] [FB:52]
[  185.810060] [drm:drm_ioctl] comm="kmscube" pid=269, dev=0xe200, auth=1, DRM_IOCTL_MODE_SETCRTC
[  185.818716] [drm:drm_mode_setcrtc] [CRTC:47:crtc-0]
[  185.823628] [drm:drm_mode_setcrtc] Invalid pixel format XR24 little-endian (0x34325258), modifier 0xffffffffffffff
[  185.834024] [drm:drm_mode_object_put.part.0] OBJ ID: 52 (2)
[  185.839626] [drm:drm_ioctl] comm="kmscube", pid=269, ret=-22
failed to set mode: Invalid argument
[  185.907783] [drm:drm_release] open_count = 1
[  185.912158] [drm:drm_file_free.part.0] comm="kmscube", pid=269, dev=0xe200, open_count=1
[  185.920338] [drm:drm_mode_object_put.part.0] OBJ ID: 52 (1)
[  185.926456] [drm:drm_release]
[  185.929537] [drm:drm_release] driver lastclose completed
[  185.935087] sun4i-drm display-engine: [drm:drm_atomic_state_init] Allocated atomic state 6e8bd179
[  185.943991] [drm:drm_mode_object_get] OBJ ID: 50 (2)
[  185.949087] sun4i-drm display-engine: [drm:drm_atomic_get_plane_state] Added [PLANE:31:plane-0] 6cfca789 state to 6e8bd179
[  185.960167] [drm:drm_mode_object_get] OBJ ID: 51 (1)
[  185.965179] sun4i-drm display-engine: [drm:drm_atomic_get_crtc_state] Added [CRTC:47:crtc-0] 4c7de37f state to 6e8bd179
[  185.975984] sun4i-drm display-engine: [drm:drm_atomic_get_plane_state] Added [PLANE:35:plane-1] 7e4fda22 state to 6e8bd179
[  185.987051] sun4i-drm display-engine: [drm:drm_atomic_set_fb_for_plane] Set [NOFB] for [PLANE:35:plane-1] state 7e4fda22
[  185.997941] sun4i-drm display-engine: [drm:drm_atomic_get_plane_state] Added [PLANE:39:plane-2] 1edb4d1a state to 6e8bd179
[  186.009013] sun4i-drm display-engine: [drm:drm_atomic_set_fb_for_plane] Set [NOFB] for [PLANE:39:plane-2] state 1edb4d1a
[  186.019902] sun4i-drm display-engine: [drm:drm_atomic_get_plane_state] Added [PLANE:43:plane-3] d020f9af state to 6e8bd179
[  186.030964] sun4i-drm display-engine: [drm:drm_atomic_set_fb_for_plane] Set [NOFB] for [PLANE:43:plane-3] state d020f9af
[  186.041861] sun4i-drm display-engine: [drm:drm_atomic_set_fb_for_plane] Set [FB:50] for [PLANE:31:plane-0] state 6cfca789
[  186.052832] [drm:drm_mode_object_get] OBJ ID: 50 (3)
[  186.057816] [drm:drm_mode_object_put.part.0] OBJ ID: 50 (4)
[  186.063400] sun4i-drm display-engine: [drm:drm_atomic_add_affected_connectors] Adding all current connectors for [CRTC:47:crtc-0] to 6e8bd179
[  186.076180] [drm:drm_mode_object_get] OBJ ID: 49 (4)
[  186.081158] [drm:drm_mode_object_get] OBJ ID: 49 (5)
[  186.086151] sun4i-drm display-engine: [drm:drm_atomic_get_connector_state] Added [CONNECTOR:49:Unknown-1] a5abc649 state to 6e8bd179
[  186.098079] [drm:drm_mode_object_put.part.0] OBJ ID: 49 (5)
[  186.103657] sun4i-drm display-engine: [drm:drm_atomic_set_crtc_for_connector] Link [CONNECTOR:49:Unknown-1] state a5abc649 to [NOCRTC]
[  186.115760] [drm:drm_mode_object_get] OBJ ID: 49 (4)
[  186.120732] sun4i-drm display-engine: [drm:drm_atomic_set_crtc_for_connector] Link [CONNECTOR:49:Unknown-1] state a5abc649 to [CRTC:47:crtc-0]
[  186.133542] sun4i-drm display-engine: [drm:drm_atomic_check_only] checking 6e8bd179
[  186.141246] sun4i-drm display-engine: [drm:drm_atomic_helper_check_modeset] Updating routing for [CONNECTOR:49:Unknown-1]
[  186.152232] sun4i-drm display-engine: [drm:drm_atomic_helper_check_modeset] [CONNECTOR:49:Unknown-1] keeps [ENCODER:48:None-48], now on [CRTC:47:crtc-0]
[  186.165947] sun4i-drm display-engine: [drm:drm_atomic_add_encoder_bridges] Adding all bridges for [encoder:48:None-48] to 6e8bd179
[  186.177709] sun4i-drm display-engine: [drm:drm_atomic_add_encoder_bridges] Adding all bridges for [encoder:48:None-48] to 6e8bd179
[  186.189472] [drm:sun4i_backend_atomic_check] Starting checking our planes
[  186.196285] [drm:sun4i_backend_atomic_check] Input size 480x800, output size 480x800
[  186.204032] [drm:sun4i_backend_atomic_check] Input size 480x800, output size 480x800
[  186.211793] [drm:sun4i_backend_atomic_check] Plane FB format is XR24 little-endian (0x34325258)
[  186.220509] [drm:sun4i_backend_atomic_check] Plane zpos is 0
[  186.226187] [drm:sun4i_backend_atomic_check] State valid with 1 planes, 0 alpha, 0 video, 0 YUV
[  186.234930] sun4i-drm display-engine: [drm:drm_atomic_commit] committing 6e8bd179
[  186.242476] sun4i-drm display-engine: [drm:drm_calc_timestamping_constants] crtc 47: hwmode: htotal 525, vtotal 928, vdisplay 800
[  186.254167] sun4i-drm display-engine: [drm:drm_calc_timestamping_constants] crtc 47: clock 14616 kHz framedur 33333333 linedur 35919
[  186.266105] [drm:sun4i_crtc_enable_vblank] Enabling VBLANK on crtc 57c80dc1
[  186.273070] [drm:sun4i_tcon_enable_vblank] Enabling VBLANK interrupt
[  186.279435] sun4i-drm display-engine: [drm:drm_vblank_enable] enabling vblank on crtc 0, ret: 0
[  186.288188] [drm:sun4i_backend_update_layer_formats] Switching display backend interlaced mode off
[  186.297169] [drm:sun4i_backend_update_layer_buffer] Layer line width: 15360 bits
[  186.304589] [drm:sun4i_backend_update_layer_buffer] Setting buffer address to 0x4a200000
[  186.312683] [drm:sun4i_backend_update_layer_buffer] Setting address lower bits to 0x51000000
[  186.321158] [drm:sun4i_backend_update_layer_buffer] Setting address high bits to 0x2
[  186.328920] [drm:sun4i_backend_update_layer_coord] Updating layer 0
[  186.335206] [drm:sun4i_backend_update_layer_coord] Primary layer, updating global size W: 480 H: 800
[  186.344351] [drm:sun4i_backend_update_layer_coord] Layer size W: 480 H: 800
[  186.351315] [drm:sun4i_backend_update_layer_coord] Layer coordinates X: 0 Y: 0
[  186.358562] [drm:sun4i_backend_update_layer_zpos] Setting layer 0's priority to 0 and pipe 0
[  186.367018] [drm:sun4i_backend_layer_enable] Enabling layer 0
[  186.372769] [drm:sun4i_crtc_atomic_flush] Committing plane changes
[  186.379022] [drm:sun4i_backend_commit] Committing changes
[  186.387258] sun4i-drm display-engine: [drm:drm_atomic_state_default_clear] Clearing atomic state 6e8bd179
[  186.396854] [drm:drm_mode_object_put.part.0] OBJ ID: 49 (5)
[  186.402435] [drm:drm_mode_object_put.part.0] OBJ ID: 49 (4)
[  186.408031] [drm:drm_mode_object_put.part.0] OBJ ID: 51 (2)
[  186.413613] [drm:drm_mode_object_put.part.0] OBJ ID: 50 (3)
[  186.419211] sun4i-drm display-engine: [drm:__drm_atomic_state_free] Freeing atomic state 6e8bd179
[  186.428115] sun4i-drm display-engine: [drm:drm_client_dev_restore] fbdev: ret=0
# [  191.434062] sun4i-drm display-engine: [drm:vblank_disable_fn] disabling vblank on crtc 0
[  191.442204] [drm:sun4i_crtc_disable_vblank] Disabling VBLANK on crtc 57c80dc1
[  191.449352] [drm:sun4i_tcon_enable_vblank] Disabling VBLANK interrupt
